<?xml version="1.0" encoding="UTF-8"?>
<!-- Generated by org.testng.reporters.JUnitReportReporter -->
<testsuite hostname="DESKTOP-U01V0EA" failures="0" tests="1" name="smokeTesing.LogOutTest" time="6.430" errors="0" timestamp="2023-08-23T20:41:30 IST" skipped="0">
  <testcase classname="smokeTesing.LogOutTest" name="LogoutUser" time="6.430"/>
</testsuite> <!-- smokeTesing.LogOutTest -->
